\BOOKMARK [1][-]{section.1}{Vector spaces}{}% 1
\BOOKMARK [2][-]{subsection.1.1}{Vector spaces}{section.1}% 2
\BOOKMARK [2][-]{subsection.1.2}{Continuity}{section.1}% 3
\BOOKMARK [3][-]{subsubsection.1.2.1}{Addendum}{subsection.1.2}% 4
\BOOKMARK [2][-]{subsection.1.3}{Open and Closed Subsets}{section.1}% 5
\BOOKMARK [2][-]{subsection.1.4}{Lipschitz equivalence}{section.1}% 6
\BOOKMARK [1][-]{section.2}{Uniform Convergence}{}% 7
\BOOKMARK [2][-]{subsection.2.1}{Notions of Convergence}{section.2}% 8
\BOOKMARK [2][-]{subsection.2.2}{Power series}{section.2}% 9
\BOOKMARK [2][-]{subsection.2.3}{Integration and Differentiation}{section.2}% 10
\BOOKMARK [1][-]{section.3}{Compactness}{}% 11
\BOOKMARK [2][-]{subsection.3.1}{Compact subsets of Rn}{section.3}% 12
\BOOKMARK [2][-]{subsection.3.2}{Completeness}{section.3}% 13
\BOOKMARK [2][-]{subsection.3.3}{Uniform continuity}{section.3}% 14
\BOOKMARK [2][-]{subsection.3.4}{Application: Integration}{section.3}% 15
\BOOKMARK [1][-]{section.4}{Differentiation}{}% 16
\BOOKMARK [2][-]{subsection.4.1}{Derivative}{section.4}% 17
\BOOKMARK [2][-]{subsection.4.2}{The derivative as a matrix}{section.4}% 18
\BOOKMARK [2][-]{subsection.4.3}{The Chain Rule}{section.4}% 19
\BOOKMARK [2][-]{subsection.4.4}{Higher Derivatives}{section.4}% 20
\BOOKMARK [1][-]{section.5}{Metric spaces}{}% 21
\BOOKMARK [2][-]{subsection.5.1}{Basics}{section.5}% 22
\BOOKMARK [2][-]{subsection.5.2}{Lipschitz Maps}{section.5}% 23
\BOOKMARK [2][-]{subsection.5.3}{Contraction maps}{section.5}% 24
\BOOKMARK [1][-]{section.6}{Solving Equations}{}% 25
\BOOKMARK [2][-]{subsection.6.1}{Newton's method}{section.6}% 26
\BOOKMARK [2][-]{subsection.6.2}{The Inverse Function Theorem \(See alternative notes\)}{section.6}% 27
\BOOKMARK [2][-]{subsection.6.3}{The implicit function theorem}{section.6}% 28
