\BOOKMARK [1][-]{section.0}{Introduction}{}% 1
\BOOKMARK [1][-]{section.1}{Elementary techniques}{}% 2
\BOOKMARK [2][-]{subsection.1.1}{Arithmetic functions}{section.1}% 3
\BOOKMARK [2][-]{subsection.1.2}{Summation}{section.1}% 4
\BOOKMARK [2][-]{subsection.1.3}{Dinsar function}{section.1}% 5
\BOOKMARK [2][-]{subsection.1.4}{Estimates for the Primes}{section.1}% 6
\BOOKMARK [2][-]{subsection.1.5}{Selberg's identity, and an elementary proof of the PNT}{section.1}% 7
\BOOKMARK [1][-]{section.2}{Sieve Methods}{}% 8
\BOOKMARK [2][-]{subsection.2.1}{Setup}{section.2}% 9
\BOOKMARK [2][-]{subsection.2.2}{Selberg's Sieve}{section.2}% 10
\BOOKMARK [2][-]{subsection.2.3}{Combinatorial Sieve}{section.2}% 11
\BOOKMARK [1][-]{section.3}{The Riemann \040Function}{}% 12
\BOOKMARK [2][-]{subsection.3.1}{Dirichlet series}{section.3}% 13
\BOOKMARK [2][-]{subsection.3.2}{Prime Number Theorem}{section.3}% 14
\BOOKMARK [2][-]{subsection.3.3}{Zero-free region}{section.3}% 15
\BOOKMARK [1][-]{section.4}{Example Class 1}{}% 16
\BOOKMARK [2][-]{subsection.4.1}{Question 2}{section.4}% 17
\BOOKMARK [2][-]{subsection.4.2}{Question 3}{section.4}% 18
\BOOKMARK [2][-]{subsection.4.3}{Question 5}{section.4}% 19
\BOOKMARK [2][-]{subsection.4.4}{Question 1}{section.4}% 20
