\BOOKMARK [1][-]{section.0}{Introduction}{}% 1
\BOOKMARK [1][-]{section.1}{Definitions and examples}{}% 2
\BOOKMARK [1][-]{section.2}{The Yoneda Lemma}{}% 3
\BOOKMARK [1][-]{section.3}{Adjunctions}{}% 4
\BOOKMARK [1][-]{section.4}{Limits}{}% 5
\BOOKMARK [1][-]{section.5}{Monads}{}% 6
\BOOKMARK [1][-]{section.6}{Cartesian Closed Categories}{}% 7
\BOOKMARK [1][-]{section.7}{Example Class 1}{}% 8
\BOOKMARK [2][-]{subsection.7.1}{Question 1}{section.7}% 9
\BOOKMARK [2][-]{subsection.7.2}{Question 2}{section.7}% 10
\BOOKMARK [2][-]{subsection.7.3}{Question 3}{section.7}% 11
\BOOKMARK [2][-]{subsection.7.4}{Question 4}{section.7}% 12
\BOOKMARK [2][-]{subsection.7.5}{Question 5}{section.7}% 13
\BOOKMARK [2][-]{subsection.7.6}{Question 6}{section.7}% 14
\BOOKMARK [2][-]{subsection.7.7}{Question 7}{section.7}% 15
\BOOKMARK [2][-]{subsection.7.8}{Question 8}{section.7}% 16
\BOOKMARK [1][-]{section.8}{Example Class 2}{}% 17
\BOOKMARK [2][-]{subsection.8.1}{Question 1}{section.8}% 18
\BOOKMARK [2][-]{subsection.8.2}{Question 2}{section.8}% 19
\BOOKMARK [2][-]{subsection.8.3}{Question 3}{section.8}% 20
\BOOKMARK [2][-]{subsection.8.4}{Question 4}{section.8}% 21
\BOOKMARK [2][-]{subsection.8.5}{Question 5}{section.8}% 22
