\BOOKMARK [1][-]{section.0}{Introduction}{}% 1
\BOOKMARK [1][-]{section.1}{Set Systems}{}% 2
\BOOKMARK [2][-]{subsection.1.1}{Chains and antichains}{section.1}% 3
\BOOKMARK [2][-]{subsection.1.2}{Shadows}{section.1}% 4
\BOOKMARK [3][-]{subsubsection.1.2.1}{Total orderings on X\(r\)}{subsection.1.2}% 5
\BOOKMARK [3][-]{subsubsection.1.2.2}{Compressions}{subsection.1.2}% 6
\BOOKMARK [2][-]{subsection.1.3}{Intersecting families}{section.1}% 7
\BOOKMARK [1][-]{section.2}{Isoperimetric inequalities}{}% 8
\BOOKMARK [2][-]{subsection.2.1}{Concentration of Measure}{section.2}% 9
\BOOKMARK [2][-]{subsection.2.2}{Edge-isoperimetric inequalities}{section.2}% 10
\BOOKMARK [2][-]{subsection.2.3}{Inequalities in the grid}{section.2}% 11
\BOOKMARK [2][-]{subsection.2.4}{Edge-isoperimetric inequalities in the grid \(Non-examinable\)}{section.2}% 12
\BOOKMARK [1][-]{section.3}{Projections}{}% 13
\BOOKMARK [1][-]{section.4}{Example Class 1}{}% 14
\BOOKMARK [2][-]{subsection.4.1}{Question 1}{section.4}% 15
\BOOKMARK [2][-]{subsection.4.2}{Question 2}{section.4}% 16
\BOOKMARK [2][-]{subsection.4.3}{Question 3}{section.4}% 17
\BOOKMARK [2][-]{subsection.4.4}{Question 4}{section.4}% 18
\BOOKMARK [2][-]{subsection.4.5}{Question 5}{section.4}% 19
\BOOKMARK [2][-]{subsection.4.6}{Question 6}{section.4}% 20
\BOOKMARK [2][-]{subsection.4.7}{Question 7}{section.4}% 21
\BOOKMARK [2][-]{subsection.4.8}{Question 8}{section.4}% 22
\BOOKMARK [2][-]{subsection.4.9}{Question 9}{section.4}% 23
\BOOKMARK [1][-]{section.5}{Example Class 2}{}% 24
\BOOKMARK [2][-]{subsection.5.1}{Question 1}{section.5}% 25
\BOOKMARK [2][-]{subsection.5.2}{Question 2}{section.5}% 26
\BOOKMARK [2][-]{subsection.5.3}{Question 3}{section.5}% 27
\BOOKMARK [2][-]{subsection.5.4}{Question 4}{section.5}% 28
\BOOKMARK [2][-]{subsection.5.5}{Question 5}{section.5}% 29
\BOOKMARK [2][-]{subsection.5.6}{Question 6}{section.5}% 30
\BOOKMARK [2][-]{subsection.5.7}{Question 7}{section.5}% 31
\BOOKMARK [2][-]{subsection.5.8}{Question 8}{section.5}% 32
\BOOKMARK [2][-]{subsection.5.9}{Question 9}{section.5}% 33
\BOOKMARK [2][-]{subsection.5.10}{Question 10}{section.5}% 34
\BOOKMARK [2][-]{subsection.5.11}{Question 11}{section.5}% 35
\BOOKMARK [2][-]{subsection.5.12}{Question 12}{section.5}% 36
