\BOOKMARK [1][-]{section.1}{Analytic Functions}{}% 1
\BOOKMARK [2][-]{subsection.1.1}{The Complex Plane and the Riemann Sphere}{section.1}% 2
\BOOKMARK [2][-]{subsection.1.2}{Complex Differentiation}{section.1}% 3
\BOOKMARK [3][-]{subsubsection.1.2.1}{\(*\)Analytic continuation}{subsection.1.2}% 4
\BOOKMARK [2][-]{subsection.1.3}{Harmonic functions}{section.1}% 5
\BOOKMARK [2][-]{subsection.1.4}{Multi-valued functions}{section.1}% 6
\BOOKMARK [3][-]{subsubsection.1.4.1}{Branch points}{subsection.1.4}% 7
\BOOKMARK [3][-]{subsubsection.1.4.2}{Branch cuts}{subsection.1.4}% 8
\BOOKMARK [3][-]{subsubsection.1.4.3}{Riemann Surfaces*}{subsection.1.4}% 9
\BOOKMARK [3][-]{subsubsection.1.4.4}{Multiple Branch Cuts}{subsection.1.4}% 10
\BOOKMARK [2][-]{subsection.1.5}{Mbius maps}{section.1}% 11
\BOOKMARK [2][-]{subsection.1.6}{Conformal map}{section.1}% 12
\BOOKMARK [2][-]{subsection.1.7}{Solving Laplace's Equation using conformal maps}{section.1}% 13
\BOOKMARK [1][-]{section.2}{Contour Integration and Cauchy's Theorem}{}% 14
\BOOKMARK [2][-]{subsection.2.1}{Contours and Integrals}{section.2}% 15
\BOOKMARK [3][-]{subsubsection.2.1.1}{Elementary properties}{subsection.2.1}% 16
\BOOKMARK [3][-]{subsubsection.2.1.2}{Integrals on closed contours}{subsection.2.1}% 17
\BOOKMARK [2][-]{subsection.2.2}{Cauchy's theorem}{section.2}% 18
\BOOKMARK [2][-]{subsection.2.3}{Contour deformation}{section.2}% 19
\BOOKMARK [2][-]{subsection.2.4}{Cauchy's integral formula}{section.2}% 20
\BOOKMARK [1][-]{section.3}{Laurent Series and Singularities}{}% 21
\BOOKMARK [2][-]{subsection.3.1}{Taylor Series}{section.3}% 22
\BOOKMARK [2][-]{subsection.3.2}{Zeros}{section.3}% 23
\BOOKMARK [2][-]{subsection.3.3}{Laurent Series}{section.3}% 24
\BOOKMARK [3][-]{subsubsection.3.3.1}{Radii of convergence}{subsection.3.3}% 25
\BOOKMARK [2][-]{subsection.3.4}{Classification of singularities}{section.3}% 26
\BOOKMARK [2][-]{subsection.3.5}{Closed Contour Integrals of Laurent Series}{section.3}% 27
\BOOKMARK [1][-]{section.4}{The Calculus of Residues}{}% 28
\BOOKMARK [2][-]{subsection.4.1}{Residues}{section.4}% 29
\BOOKMARK [2][-]{subsection.4.2}{The Residue Theorem}{section.4}% 30
\BOOKMARK [2][-]{subsection.4.3}{Applications of the Residue Theorem}{section.4}% 31
\BOOKMARK [2][-]{subsection.4.4}{Advanced Applications of the Residue Theorem: using rectangular contours}{section.4}% 32
\BOOKMARK [2][-]{subsection.4.5}{Jordan's Lemma}{section.4}% 33
\BOOKMARK [1][-]{section.5}{Transform Theory}{}% 34
\BOOKMARK [2][-]{subsection.5.1}{Fourier Transforms}{section.5}% 35
\BOOKMARK [3][-]{subsubsection.5.1.1}{Properties of the Fourier Transform}{subsection.5.1}% 36
\BOOKMARK [3][-]{subsubsection.5.1.2}{Calculating transforms using the calculus of residues}{subsection.5.1}% 37
\BOOKMARK [2][-]{subsection.5.2}{Laplace transforms}{section.5}% 38
\BOOKMARK [2][-]{subsection.5.3}{Properties of the Laplace transform}{section.5}% 39
\BOOKMARK [2][-]{subsection.5.4}{The Inverse Laplace Transform}{section.5}% 40
\BOOKMARK [3][-]{subsubsection.5.4.1}{Derivation of the inverse Laplace transform \(*\)}{subsection.5.4}% 41
\BOOKMARK [2][-]{subsection.5.5}{The Convolution Theorem for Laplace Transforms}{section.5}% 42
\BOOKMARK [2][-]{subsection.5.6}{Solution of Differential Equation using the Laplace Transform}{section.5}% 43
