\BOOKMARK [1][-]{section.1}{Introduction and Definitions}{}% 1
\BOOKMARK [2][-]{subsection.1.1}{Electric charges and currents}{section.1}% 2
\BOOKMARK [2][-]{subsection.1.2}{Forces and Fields}{section.1}% 3
\BOOKMARK [2][-]{subsection.1.3}{Maxwell's equations}{section.1}% 4
\BOOKMARK [1][-]{section.2}{Electrostatics}{}% 5
\BOOKMARK [2][-]{subsection.2.1}{Gauss' Laws}{section.2}% 6
\BOOKMARK [3][-]{subsubsection.2.1.1}{Application: Coulomb's Laws}{subsection.2.1}% 7
\BOOKMARK [2][-]{subsection.2.2}{Electrostatic potential}{section.2}% 8
\BOOKMARK [3][-]{subsubsection.2.2.1}{Point charge revisited}{subsection.2.2}% 9
\BOOKMARK [3][-]{subsubsection.2.2.2}{The Dipole}{subsection.2.2}% 10
\BOOKMARK [3][-]{subsubsection.2.2.3}{General Green's function solution}{subsection.2.2}% 11
\BOOKMARK [3][-]{subsubsection.2.2.4}{Equipotentials and field lines}{subsection.2.2}% 12
\BOOKMARK [2][-]{subsection.2.3}{Electrostatic energy}{section.2}% 13
\BOOKMARK [2][-]{subsection.2.4}{Conductors}{section.2}% 14
\BOOKMARK [3][-]{subsubsection.2.4.1}{Electrostatic shielding \(Faraday cage\)}{subsection.2.4}% 15
\BOOKMARK [2][-]{subsection.2.5}{Method of images}{section.2}% 16
\BOOKMARK [2][-]{subsection.2.6}{Capacitors}{section.2}% 17
\BOOKMARK [1][-]{section.3}{Magnetostatics}{}% 18
\BOOKMARK [2][-]{subsection.3.1}{Ampere's Law}{section.3}% 19
\BOOKMARK [3][-]{subsubsection.3.1.1}{Straight wire with steady current}{subsection.3.1}% 20
\BOOKMARK [3][-]{subsubsection.3.1.2}{Surface currents and matching conditions}{subsection.3.1}% 21
\BOOKMARK [3][-]{subsubsection.3.1.3}{Solenoid}{subsection.3.1}% 22
\BOOKMARK [2][-]{subsection.3.2}{Vector potential}{section.3}% 23
\BOOKMARK [3][-]{subsubsection.3.2.1}{Gauge transformations}{subsection.3.2}% 24
\BOOKMARK [3][-]{subsubsection.3.2.2}{Coulomb gauge}{subsection.3.2}% 25
\BOOKMARK [2][-]{subsection.3.3}{Biot-Savart Law}{section.3}% 26
\BOOKMARK [2][-]{subsection.3.4}{Current loop and magnetic dipole}{section.3}% 27
\BOOKMARK [3][-]{subsubsection.3.4.1}{General magnetic field solutions}{subsection.3.4}% 28
\BOOKMARK [2][-]{subsection.3.5}{Magnetic Forces}{section.3}% 29
\BOOKMARK [3][-]{subsubsection.3.5.1}{Two straight wires}{subsection.3.5}% 30
\BOOKMARK [2][-]{subsection.3.6}{General case}{section.3}% 31
\BOOKMARK [1][-]{section.4}{Electrodynamics}{}% 32
\BOOKMARK [2][-]{subsection.4.1}{Faraday's Law of Induction}{section.4}% 33
\BOOKMARK [3][-]{subsubsection.4.1.1}{Magnetostatic energy}{subsection.4.1}% 34
\BOOKMARK [2][-]{subsection.4.2}{Resistance and heat loss}{section.4}% 35
\BOOKMARK [3][-]{subsubsection.4.2.1}{Energy dissipation \(Joule heating\)}{subsection.4.2}% 36
\BOOKMARK [3][-]{subsubsection.4.2.2}{Moving wire example}{subsection.4.2}% 37
