\BOOKMARK [1][-]{section.0}{History}{}% 1
\BOOKMARK [1][-]{section.1}{Field Extensions}{}% 2
\BOOKMARK [2][-]{subsection.1.1}{Field extensions}{section.1}% 3
\BOOKMARK [2][-]{subsection.1.2}{Constructibility problems}{section.1}% 4
\BOOKMARK [2][-]{subsection.1.3}{Field extensions}{section.1}% 5
\BOOKMARK [1][-]{section.2}{Separable, Normal and Galois Extensions}{}% 6
\BOOKMARK [2][-]{subsection.2.1}{Separable extensions}{section.2}% 7
\BOOKMARK [2][-]{subsection.2.2}{Trace and Norm}{section.2}% 8
\BOOKMARK [2][-]{subsection.2.3}{Normal extensions}{section.2}% 9
\BOOKMARK [1][-]{section.3}{Fundamental Theorem of Galois Theory, Artin's Theorem, and Galois Theory of Polynomials and of Finite Fields}{}% 10
\BOOKMARK [2][-]{subsection.3.1}{Galois Groups of polynomials}{section.3}% 11
\BOOKMARK [2][-]{subsection.3.2}{Galois Theory of Finite Fields}{section.3}% 12
\BOOKMARK [1][-]{section.4}{Cyclotomic and Kummer extensions, cubis and quartics, solution by radicals}{}% 13
\BOOKMARK [2][-]{subsection.4.1}{Cyclotomic extensions}{section.4}% 14
\BOOKMARK [2][-]{subsection.4.2}{Kummer Theory}{section.4}% 15
\BOOKMARK [2][-]{subsection.4.3}{Cubics}{section.4}% 16
\BOOKMARK [2][-]{subsection.4.4}{Quartics}{section.4}% 17
\BOOKMARK [2][-]{subsection.4.5}{Solubility by radicals}{section.4}% 18
\BOOKMARK [1][-]{section.5}{Final Thoguhts}{}% 19
\BOOKMARK [2][-]{subsection.5.1}{Algebraic Closure}{section.5}% 20
\BOOKMARK [2][-]{subsection.5.2}{Symmetric polynomials and invariant theory}{section.5}% 21
