\BOOKMARK [1][-]{section.-1}{-1}{}% 1
\BOOKMARK [1][-]{section.0}{Introduction}{}% 2
\BOOKMARK [1][-]{section.1}{Ramsey Theory}{}% 3
\BOOKMARK [1][-]{section.2}{Basic Terminology}{}% 4
\BOOKMARK [1][-]{section.3}{Extremal Graph Theory}{}% 5
\BOOKMARK [2][-]{subsection.3.1}{The Forbidden Subgraph Problem}{section.3}% 6
\BOOKMARK [3][-]{subsubsection.3.1.1}{Triangles}{subsection.3.1}% 7
\BOOKMARK [3][-]{subsubsection.3.1.2}{Complete graphs}{subsection.3.1}% 8
\BOOKMARK [3][-]{subsubsection.3.1.3}{Bipartite graphs}{subsection.3.1}% 9
\BOOKMARK [3][-]{subsubsection.3.1.4}{General graphs}{subsection.3.1}% 10
\BOOKMARK [3][-]{subsubsection.3.1.5}{Proof of Erds-Stone Theorem}{subsection.3.1}% 11
\BOOKMARK [2][-]{subsection.3.2}{Hamiltonian Graphs}{section.3}% 12
\BOOKMARK [1][-]{section.4}{Graph Coloring}{}% 13
\BOOKMARK [2][-]{subsection.4.1}{Planar Graphs}{section.4}% 14
\BOOKMARK [2][-]{subsection.4.2}{General graphs}{section.4}% 15
\BOOKMARK [2][-]{subsection.4.3}{Graphs on surfaces}{section.4}% 16
\BOOKMARK [2][-]{subsection.4.4}{Edge Colouring}{section.4}% 17
\BOOKMARK [1][-]{section.5}{Connectivity}{}% 18
\BOOKMARK [2][-]{subsection.5.1}{The Marriage Problem}{section.5}% 19
\BOOKMARK [2][-]{subsection.5.2}{Connectivity}{section.5}% 20
\BOOKMARK [2][-]{subsection.5.3}{Edge-connectivity}{section.5}% 21
\BOOKMARK [1][-]{section.6}{Probabilistic techniques}{}% 22
\BOOKMARK [2][-]{subsection.6.1}{The probabilistic method}{section.6}% 23
\BOOKMARK [2][-]{subsection.6.2}{Modifying a random graph}{section.6}% 24
