\BOOKMARK [1][-]{section.1}{Groups}{}% 1
\BOOKMARK [2][-]{subsection.1.1}{1.2}{section.1}% 2
\BOOKMARK [2][-]{subsection.1.2}{Actions and Permutations}{section.1}% 3
\BOOKMARK [2][-]{subsection.1.3}{Conjugacy classes, centralisers and normalisers}{section.1}% 4
\BOOKMARK [2][-]{subsection.1.4}{p-groups}{section.1}% 5
\BOOKMARK [2][-]{subsection.1.5}{Finite abelian groups}{section.1}% 6
\BOOKMARK [2][-]{subsection.1.6}{Sylow's Theorems}{section.1}% 7
\BOOKMARK [1][-]{section.2}{Rings}{}% 8
\BOOKMARK [2][-]{subsection.2.1}{Definitions}{section.2}% 9
\BOOKMARK [2][-]{subsection.2.2}{Homomorphisms, ideals, quotients, and isomorphisms}{section.2}% 10
\BOOKMARK [2][-]{subsection.2.3}{Integral domains, field of fractions, maximal and prime ideal}{section.2}% 11
\BOOKMARK [2][-]{subsection.2.4}{Factorisation in integral domains}{section.2}% 12
\BOOKMARK [2][-]{subsection.2.5}{Factorisation in polynomial rings}{section.2}% 13
\BOOKMARK [2][-]{subsection.2.6}{Gaussian integers}{section.2}% 14
\BOOKMARK [2][-]{subsection.2.7}{Algebraic integers}{section.2}% 15
\BOOKMARK [2][-]{subsection.2.8}{Hilbert basis theorem}{section.2}% 16
\BOOKMARK [1][-]{section.3}{Modules}{}% 17
\BOOKMARK [2][-]{subsection.3.1}{Definitions and examples}{section.3}% 18
\BOOKMARK [2][-]{subsection.3.2}{Direct sums and free modules}{section.3}% 19
\BOOKMARK [2][-]{subsection.3.3}{Matrices over Euclidean domains}{section.3}% 20
\BOOKMARK [3][-]{subsubsection.3.3.1}{Structure theorem for finitely-generated abelian groups}{subsection.3.3}% 21
\BOOKMARK [3][-]{subsubsection.3.3.2}{Primary decomposition theorem}{subsection.3.3}% 22
\BOOKMARK [2][-]{subsection.3.4}{Modules over F[X], andnormal forms for matrices}{section.3}% 23
\BOOKMARK [3][-]{subsubsection.3.4.1}{Rational canonical form theorem}{subsection.3.4}% 24
