\BOOKMARK [1][-]{section.1}{Introduction}{}% 1
\BOOKMARK [1][-]{section.2}{Vector Spaces}{}% 2
\BOOKMARK [2][-]{subsection.2.1}{Vector Spaces}{section.2}% 3
\BOOKMARK [2][-]{subsection.2.2}{Functions as infinite dimensional vectors}{section.2}% 4
\BOOKMARK [1][-]{section.3}{Fourier Series}{}% 5
\BOOKMARK [2][-]{subsection.3.1}{Fourier Series}{section.3}% 6
\BOOKMARK [2][-]{subsection.3.2}{Convergence in the norm}{section.3}% 7
\BOOKMARK [2][-]{subsection.3.3}{Pointwise Convergence}{section.3}% 8
\BOOKMARK [2][-]{subsection.3.4}{Convergence of Fourier Series}{section.3}% 9
\BOOKMARK [2][-]{subsection.3.5}{Integration and Differentiation of Fourier Series}{section.3}% 10
\BOOKMARK [1][-]{section.4}{Sturm-Liouville Theory}{}% 11
\BOOKMARK [2][-]{subsection.4.1}{Matrices and their adjoints}{section.4}% 12
\BOOKMARK [2][-]{subsection.4.2}{Examples of solving equations with SL operators}{section.4}% 13
\BOOKMARK [1][-]{section.5}{Laplace's Equation}{}% 14
\BOOKMARK [2][-]{subsection.5.1}{Laplace's Equation and Uniqueness Theorem}{section.5}% 15
\BOOKMARK [2][-]{subsection.5.2}{Separation of Variables}{section.5}% 16
\BOOKMARK [2][-]{subsection.5.3}{Laplace's equation in spherical polar coordinates}{section.5}% 17
\BOOKMARK [2][-]{subsection.5.4}{Multiple expansions}{section.5}% 18
\BOOKMARK [2][-]{subsection.5.5}{Laplace's equation in cylindrical coordinates}{section.5}% 19
\BOOKMARK [1][-]{section.6}{The Heat Equation}{}% 20
\BOOKMARK [2][-]{subsection.6.1}{Heat equation}{section.6}% 21
\BOOKMARK [2][-]{subsection.6.2}{Heat flow in a semi-infinite region}{section.6}% 22
\BOOKMARK [1][-]{section.7}{The Wave Equation}{}% 23
\BOOKMARK [2][-]{subsection.7.1}{The Wave Equation}{section.7}% 24
\BOOKMARK [2][-]{subsection.7.2}{Vibration of a Circular Membrane}{section.7}% 25
