\BOOKMARK [1][-]{section.1}{Langauges and structures}{}% 1
\BOOKMARK [1][-]{section.2}{Terms, formulae, and their interpretations}{}% 2
\BOOKMARK [1][-]{section.3}{Theories and Elementarity}{}% 3
\BOOKMARK [1][-]{section.4}{Two relational structures}{}% 4
\BOOKMARK [1][-]{section.5}{Compactness}{}% 5
\BOOKMARK [1][-]{section.6}{Saturation}{}% 6
\BOOKMARK [1][-]{section.7}{The Monster Model}{}% 7
\BOOKMARK [1][-]{section.8}{Strongly minimal theories}{}% 8
\BOOKMARK [2][-]{subsection.8.1}{Interlude: existence of saturated model \(non-examinable\)}{section.8}% 9
\BOOKMARK [1][-]{section.9}{Example class 1}{}% 10
\BOOKMARK [2][-]{subsection.9.1}{Question 3}{section.9}% 11
\BOOKMARK [2][-]{subsection.9.2}{Question 4}{section.9}% 12
\BOOKMARK [2][-]{subsection.9.3}{Question 5}{section.9}% 13
\BOOKMARK [2][-]{subsection.9.4}{Question 6}{section.9}% 14
\BOOKMARK [2][-]{subsection.9.5}{Question 7}{section.9}% 15
\BOOKMARK [2][-]{subsection.9.6}{Question 8}{section.9}% 16
\BOOKMARK [1][-]{section.10}{Example Class 2}{}% 17
\BOOKMARK [2][-]{subsection.10.1}{Question 1}{section.10}% 18
\BOOKMARK [2][-]{subsection.10.2}{Question 2}{section.10}% 19
\BOOKMARK [2][-]{subsection.10.3}{Question 3}{section.10}% 20
\BOOKMARK [2][-]{subsection.10.4}{Question 4}{section.10}% 21
\BOOKMARK [2][-]{subsection.10.5}{Question 5}{section.10}% 22
\BOOKMARK [2][-]{subsection.10.6}{Question 6}{section.10}% 23
\BOOKMARK [2][-]{subsection.10.7}{Question 7}{section.10}% 24
\BOOKMARK [2][-]{subsection.10.8}{Question 8}{section.10}% 25
\BOOKMARK [2][-]{subsection.10.9}{Question 9}{section.10}% 26
