This is pdfTeX, Version 3.14159265-2.6-1.40.16 (MiKTeX 2.9) (preloaded format=pdflatex 2016.2.11)  5 MAR 2016 11:56
entering extended mode
**Relativity.tex
(Relativity.tex
LaTeX2e <2015/01/01> patch level 2
Babel <3.9m> and hyphenation patterns for 69 languages loaded.
("D:\MiKTeX 2.9\tex\latex\base\article.cls"
Document Class: article 2014/09/29 v1.4h Standard LaTeX document class
("D:\MiKTeX 2.9\tex\latex\base\size10.clo"
File: size10.clo 2014/09/29 v1.4h Standard LaTeX file (size option)
)
\c@part=\count79
\c@section=\count80
\c@subsection=\count81
\c@subsubsection=\count82
\c@paragraph=\count83
\c@subparagraph=\count84
\c@figure=\count85
\c@table=\count86
\abovecaptionskip=\skip41
\belowcaptionskip=\skip42
\bibindent=\dimen102
) (temp.tex
("D:\MiKTeX 2.9\tex\latex\amsfonts\amssymb.sty"
Package: amssymb 2013/01/14 v3.01 AMS font symbols

("D:\MiKTeX 2.9\tex\latex\amsfonts\amsfonts.sty"
Package: amsfonts 2013/01/14 v3.01 Basic AMSFonts support
\@emptytoks=\toks14
\symAMSa=\mathgroup4
\symAMSb=\mathgroup5
LaTeX Font Info:    Overwriting math alphabet `\mathfrak' in version `bold'
(Font)                  U/euf/m/n --> U/euf/b/n on input line 106.
))
("D:\MiKTeX 2.9\tex\latex\amsmath\amsmath.sty"
Package: amsmath 2013/01/14 v2.14 AMS math features
\@mathmargin=\skip43

For additional information on amsmath, use the `?' option.
("D:\MiKTeX 2.9\tex\latex\amsmath\amstext.sty"
Package: amstext 2000/06/29 v2.01

("D:\MiKTeX 2.9\tex\latex\amsmath\amsgen.sty"
File: amsgen.sty 1999/11/30 v2.0
\@emptytoks=\toks15
\ex@=\dimen103
))
("D:\MiKTeX 2.9\tex\latex\amsmath\amsbsy.sty"
Package: amsbsy 1999/11/29 v1.2d
\pmbraise@=\dimen104
)
("D:\MiKTeX 2.9\tex\latex\amsmath\amsopn.sty"
Package: amsopn 1999/12/14 v2.01 operator names
)
\inf@bad=\count87
LaTeX Info: Redefining \frac on input line 210.
\uproot@=\count88
\leftroot@=\count89
LaTeX Info: Redefining \overline on input line 306.
\classnum@=\count90
\DOTSCASE@=\count91
LaTeX Info: Redefining \ldots on input line 378.
LaTeX Info: Redefining \dots on input line 381.
LaTeX Info: Redefining \cdots on input line 466.
\Mathstrutbox@=\box26
\strutbox@=\box27
\big@size=\dimen105
LaTeX Font Info:    Redeclaring font encoding OML on input line 566.
LaTeX Font Info:    Redeclaring font encoding OMS on input line 567.
\macc@depth=\count92
\c@MaxMatrixCols=\count93
\dotsspace@=\muskip10
\c@parentequation=\count94
\dspbrk@lvl=\count95
\tag@help=\toks16
\row@=\count96
\column@=\count97
\maxfields@=\count98
\andhelp@=\toks17
\eqnshift@=\dimen106
\alignsep@=\dimen107
\tagshift@=\dimen108
\tagwidth@=\dimen109
\totwidth@=\dimen110
\lineht@=\dimen111
\@envbody=\toks18
\multlinegap=\skip44
\multlinetaggap=\skip45
\mathdisplay@stack=\toks19
LaTeX Info: Redefining \[ on input line 2665.
LaTeX Info: Redefining \] on input line 2666.
)
("D:\MiKTeX 2.9\tex\latex\amscls\amsthm.sty"
Package: amsthm 2015/03/04 v2.20.2
\thm@style=\toks20
\thm@bodyfont=\toks21
\thm@headfont=\toks22
\thm@notefont=\toks23
\thm@headpunct=\toks24
\thm@preskip=\skip46
\thm@postskip=\skip47
\thm@headsep=\skip48
\dth@everypar=\toks25
)
("D:\MiKTeX 2.9\tex\latex\mathtools\mathtools.sty"
Package: mathtools 2015/11/12 v1.18 mathematical typesetting tools

("D:\MiKTeX 2.9\tex\latex\graphics\keyval.sty"
Package: keyval 2014/10/28 v1.15 key=value parser (DPC)
\KV@toks@=\toks26
)
("D:\MiKTeX 2.9\tex\latex\tools\calc.sty"
Package: calc 2014/10/28 v4.3 Infix arithmetic (KKT,FJ)
\calc@Acount=\count99
\calc@Bcount=\count100
\calc@Adimen=\dimen112
\calc@Bdimen=\dimen113
\calc@Askip=\skip49
\calc@Bskip=\skip50
LaTeX Info: Redefining \setlength on input line 80.
LaTeX Info: Redefining \addtolength on input line 81.
\calc@Ccount=\count101
\calc@Cskip=\skip51
)
("D:\MiKTeX 2.9\tex\latex\mathtools\mhsetup.sty"
Package: mhsetup 2010/01/21 v1.2a programming setup (MH)
)
LaTeX Info: Thecontrolsequence`\('isalreadyrobust on input line 129.
LaTeX Info: Thecontrolsequence`\)'isalreadyrobust on input line 129.
LaTeX Info: Thecontrolsequence`\['isalreadyrobust on input line 129.
LaTeX Info: Thecontrolsequence`\]'isalreadyrobust on input line 129.
\g_MT_multlinerow_int=\count102
\l_MT_multwidth_dim=\dimen114
\origjot=\skip52
\l_MT_shortvdotswithinadjustabove_dim=\dimen115
\l_MT_shortvdotswithinadjustbelow_dim=\dimen116
\l_MT_above_intertext_sep=\dimen117
\l_MT_below_intertext_sep=\dimen118
\l_MT_above_shortintertext_sep=\dimen119
\l_MT_below_shortintertext_sep=\dimen120
)
("D:\MiKTeX 2.9\tex\latex\graphics\graphicx.sty"
Package: graphicx 2014/10/28 v1.0g Enhanced LaTeX Graphics (DPC,SPQR)

("D:\MiKTeX 2.9\tex\latex\graphics\graphics.sty"
Package: graphics 2014/10/28 v1.0p Standard LaTeX Graphics (DPC,SPQR)

("D:\MiKTeX 2.9\tex\latex\graphics\trig.sty"
Package: trig 1999/03/16 v1.09 sin cos tan (DPC)
)
("D:\MiKTeX 2.9\tex\latex\00miktex\graphics.cfg"
File: graphics.cfg 2007/01/18 v1.5 graphics configuration of teTeX/TeXLive
)
Package graphics Info: Driver file: pdftex.def on input line 94.

("D:\MiKTeX 2.9\tex\latex\pdftex-def\pdftex.def"
File: pdftex.def 2011/05/27 v0.06d Graphics/color for pdfTeX

("D:\MiKTeX 2.9\tex\generic\oberdiek\infwarerr.sty"
Package: infwarerr 2010/04/08 v1.3 Providing info/warning/error messages (HO)
)
("D:\MiKTeX 2.9\tex\generic\oberdiek\ltxcmds.sty"
Package: ltxcmds 2011/11/09 v1.22 LaTeX kernel commands for general use (HO)
)
\Gread@gobject=\count103
))
\Gin@req@height=\dimen121
\Gin@req@width=\dimen122
)
("D:\MiKTeX 2.9\tex\latex\hyperref\hyperref.sty"
Package: hyperref 2012/11/06 v6.83m Hypertext links for LaTeX

("D:\MiKTeX 2.9\tex\generic\oberdiek\hobsub-hyperref.sty"
Package: hobsub-hyperref 2012/04/25 v1.12 Bundle oberdiek, subset hyperref (HO)


("D:\MiKTeX 2.9\tex\generic\oberdiek\hobsub-generic.sty"
Package: hobsub-generic 2012/04/25 v1.12 Bundle oberdiek, subset generic (HO)
Package: hobsub 2012/04/25 v1.12 Construct package bundles (HO)
Package hobsub Info: Skipping package `infwarerr' (already loaded).
Package hobsub Info: Skipping package `ltxcmds' (already loaded).
Package: ifluatex 2010/03/01 v1.3 Provides the ifluatex switch (HO)
Package ifluatex Info: LuaTeX not detected.
Package: ifvtex 2010/03/01 v1.5 Detect VTeX and its facilities (HO)
Package ifvtex Info: VTeX not detected.
Package: intcalc 2007/09/27 v1.1 Expandable calculations with integers (HO)
Package: ifpdf 2011/01/30 v2.3 Provides the ifpdf switch (HO)
Package ifpdf Info: pdfTeX in PDF mode is detected.
Package: etexcmds 2011/02/16 v1.5 Avoid name clashes with e-TeX commands (HO)
Package etexcmds Info: Could not find \expanded.
(etexcmds)             That can mean that you are not using pdfTeX 1.50 or
(etexcmds)             that some package has redefined \expanded.
(etexcmds)             In the latter case, load this package earlier.
Package: kvsetkeys 2012/04/25 v1.16 Key value parser (HO)
Package: kvdefinekeys 2011/04/07 v1.3 Define keys (HO)
Package: pdftexcmds 2011/11/29 v0.20 Utility functions of pdfTeX for LuaTeX (HO
)
Package pdftexcmds Info: LuaTeX not detected.
Package pdftexcmds Info: \pdf@primitive is available.
Package pdftexcmds Info: \pdf@ifprimitive is available.
Package pdftexcmds Info: \pdfdraftmode found.
Package: pdfescape 2011/11/25 v1.13 Implements pdfTeX's escape features (HO)
Package: bigintcalc 2012/04/08 v1.3 Expandable calculations on big integers (HO
)
Package: bitset 2011/01/30 v1.1 Handle bit-vector datatype (HO)
Package: uniquecounter 2011/01/30 v1.2 Provide unlimited unique counter (HO)
)
Package hobsub Info: Skipping package `hobsub' (already loaded).
Package: letltxmacro 2010/09/02 v1.4 Let assignment for LaTeX macros (HO)
Package: hopatch 2011/06/24 v1.1 Wrapper for package hooks (HO)
Package: xcolor-patch 2011/01/30 xcolor patch
Package: atveryend 2011/06/30 v1.8 Hooks at the very end of document (HO)
Package atveryend Info: \enddocument detected (standard20110627).
Package: atbegshi 2011/10/05 v1.16 At begin shipout hook (HO)
Package: refcount 2011/10/16 v3.4 Data extraction from label references (HO)
Package: hycolor 2011/01/30 v1.7 Color options for hyperref/bookmark (HO)
)
("D:\MiKTeX 2.9\tex\generic\ifxetex\ifxetex.sty"
Package: ifxetex 2010/09/12 v0.6 Provides ifxetex conditional
)
("D:\MiKTeX 2.9\tex\latex\oberdiek\auxhook.sty"
Package: auxhook 2011/03/04 v1.3 Hooks for auxiliary files (HO)
)
("D:\MiKTeX 2.9\tex\latex\oberdiek\kvoptions.sty"
Package: kvoptions 2011/06/30 v3.11 Key value format for package options (HO)
)
\@linkdim=\dimen123
\Hy@linkcounter=\count104
\Hy@pagecounter=\count105

("D:\MiKTeX 2.9\tex\latex\hyperref\pd1enc.def"
File: pd1enc.def 2012/11/06 v6.83m Hyperref: PDFDocEncoding definition (HO)
)
\Hy@SavedSpaceFactor=\count106

("D:\MiKTeX 2.9\tex\latex\00miktex\hyperref.cfg"
File: hyperref.cfg 2002/06/06 v1.2 hyperref configuration of TeXLive
)
Package hyperref Info: Hyper figures OFF on input line 4443.
Package hyperref Info: Link nesting OFF on input line 4448.
Package hyperref Info: Hyper index ON on input line 4451.
Package hyperref Info: Plain pages OFF on input line 4458.
Package hyperref Info: Backreferencing OFF on input line 4463.
Package hyperref Info: Implicit mode ON; LaTeX internals redefined.
Package hyperref Info: Bookmarks ON on input line 4688.
\c@Hy@tempcnt=\count107

("D:\MiKTeX 2.9\tex\latex\url\url.sty"
\Urlmuskip=\muskip11
Package: url 2013/09/16  ver 3.4  Verb mode for urls, etc.
)
LaTeX Info: Redefining \url on input line 5041.
\XeTeXLinkMargin=\dimen124
\Fld@menulength=\count108
\Field@Width=\dimen125
\Fld@charsize=\dimen126
Package hyperref Info: Hyper figures OFF on input line 6295.
Package hyperref Info: Link nesting OFF on input line 6300.
Package hyperref Info: Hyper index ON on input line 6303.
Package hyperref Info: backreferencing OFF on input line 6310.
Package hyperref Info: Link coloring OFF on input line 6315.
Package hyperref Info: Link coloring with OCG OFF on input line 6320.
Package hyperref Info: PDF/A mode OFF on input line 6325.
LaTeX Info: Redefining \ref on input line 6365.
LaTeX Info: Redefining \pageref on input line 6369.
\Hy@abspage=\count109
\c@Item=\count110
\c@Hfootnote=\count111
)

Package hyperref Message: Driver (autodetected): hpdftex.

("D:\MiKTeX 2.9\tex\latex\hyperref\hpdftex.def"
File: hpdftex.def 2012/11/06 v6.83m Hyperref driver for pdfTeX
\Fld@listcount=\count112
\c@bookmark@seq@number=\count113

("D:\MiKTeX 2.9\tex\latex\oberdiek\rerunfilecheck.sty"
Package: rerunfilecheck 2011/04/15 v1.7 Rerun checks for auxiliary files (HO)
Package uniquecounter Info: New unique counter `rerunfilecheck' on input line 2
82.
)
\Hy@SectionHShift=\skip53
)
("D:\MiKTeX 2.9\tex\latex\graphics\color.sty"
Package: color 2014/10/28 v1.1a Standard LaTeX Color (DPC)

("D:\MiKTeX 2.9\tex\latex\00miktex\color.cfg"
File: color.cfg 2007/01/18 v1.5 color configuration of teTeX/TeXLive
)
Package color Info: Driver file: pdftex.def on input line 142.
)
("D:\MiKTeX 2.9\tex\latex\microtype\microtype.sty"
Package: microtype 2013/05/23 v2.5a Micro-typographical refinements (RS)
\MT@toks=\toks27
\MT@count=\count114
LaTeX Info: Redefining \textls on input line 766.
\MT@outer@kern=\dimen127
LaTeX Info: Redefining \textmicrotypecontext on input line 1285.
\MT@listname@count=\count115

("D:\MiKTeX 2.9\tex\latex\microtype\microtype-pdftex.def"
File: microtype-pdftex.def 2013/05/23 v2.5a Definitions specific to pdftex (RS)

LaTeX Info: Redefining \lsstyle on input line 915.
LaTeX Info: Redefining \lslig on input line 915.
\MT@outer@space=\skip54
)
Package microtype Info: Loading configuration file microtype.cfg.

("D:\MiKTeX 2.9\tex\latex\microtype\microtype.cfg"
File: microtype.cfg 2013/05/23 v2.5a microtype main configuration file (RS)
))
Package hyperref Info: Option `colorlinks' set `true' on input line 29.
) (Relativity.aux)
LaTeX Font Info:    Checking defaults for OML/cmm/m/it on input line 5.
LaTeX Font Info:    ... okay on input line 5.
LaTeX Font Info:    Checking defaults for T1/cmr/m/n on input line 5.
LaTeX Font Info:    ... okay on input line 5.
LaTeX Font Info:    Checking defaults for OT1/cmr/m/n on input line 5.
LaTeX Font Info:    ... okay on input line 5.
LaTeX Font Info:    Checking defaults for OMS/cmsy/m/n on input line 5.
LaTeX Font Info:    ... okay on input line 5.
LaTeX Font Info:    Checking defaults for OMX/cmex/m/n on input line 5.
LaTeX Font Info:    ... okay on input line 5.
LaTeX Font Info:    Checking defaults for U/cmr/m/n on input line 5.
LaTeX Font Info:    ... okay on input line 5.
LaTeX Font Info:    Checking defaults for PD1/pdf/m/n on input line 5.
LaTeX Font Info:    ... okay on input line 5.

("D:\MiKTeX 2.9\tex\context\base\supp-pdf.mkii"
[Loading MPS to PDF converter (version 2006.09.02).]
\scratchcounter=\count116
\scratchdimen=\dimen128
\scratchbox=\box28
\nofMPsegments=\count117
\nofMParguments=\count118
\everyMPshowfont=\toks28
\MPscratchCnt=\count119
\MPscratchDim=\dimen129
\MPnumerator=\count120
\makeMPintoPDFobject=\count121
\everyMPtoPDFconversion=\toks29
)
\AtBeginShipoutBox=\box29
Package hyperref Info: Link coloring ON on input line 5.
 ("D:\MiKTeX 2.9\tex\latex\hyperref\nameref.sty"
Package: nameref 2012/10/27 v2.43 Cross-referencing by name of section

("D:\MiKTeX 2.9\tex\generic\oberdiek\gettitlestring.sty"
Package: gettitlestring 2010/12/03 v1.4 Cleanup title references (HO)
)
\c@section@level=\count122
)
LaTeX Info: Redefining \ref on input line 5.
LaTeX Info: Redefining \pageref on input line 5.
LaTeX Info: Redefining \nameref on input line 5.
 (Relativity.out)
(Relativity.out)
\@outlinefile=\write3
LaTeX Info: Redefining \microtypecontext on input line 5.
Package microtype Info: Generating PDF output.
Package microtype Info: Character protrusion enabled (level 2).
Package microtype Info: Using default protrusion set `alltext'.
Package microtype Info: Automatic font expansion enabled (level 2),
(microtype)             stretch: 20, shrink: 20, step: 1, non-selected.
Package microtype Info: Using default expansion set `basictext'.
Package microtype Info: No adjustment of tracking.
Package microtype Info: No adjustment of interword spacing.
Package microtype Info: No adjustment of character kerning.
 ("D:\MiKTeX 2.9\tex\latex\microtype\mt-cmr.cfg"
File: mt-cmr.cfg 2013/05/19 v2.2 microtype config. file: Computer Modern Roman 
(RS)
)
LaTeX Font Info:    Try loading font information for U+msa on input line 11.

("D:\MiKTeX 2.9\tex\latex\amsfonts\umsa.fd"
File: umsa.fd 2013/01/14 v3.01 AMS symbols A
)
("D:\MiKTeX 2.9\tex\latex\microtype\mt-msa.cfg"
File: mt-msa.cfg 2006/02/04 v1.1 microtype config. file: AMS symbols (a) (RS)
)
LaTeX Font Info:    Try loading font information for U+msb on input line 11.

("D:\MiKTeX 2.9\tex\latex\amsfonts\umsb.fd"
File: umsb.fd 2013/01/14 v3.01 AMS symbols B
)
("D:\MiKTeX 2.9\tex\latex\microtype\mt-msb.cfg"
File: mt-msb.cfg 2005/06/01 v1.0 microtype config. file: AMS symbols (b) (RS)
)

LaTeX Warning: No \author given.

[1

{C:/Users/xiaojia/AppData/Local/MiKTeX/2.9/pdftex/config/pdftex.map}]
(Relativity.toc [2])
\tf@toc=\write4
 [3]
Underfull \hbox (badness 10000) in paragraph at lines 21--23

 []


Underfull \hbox (badness 10000) in paragraph at lines 30--32

 []

[4]
Underfull \hbox (badness 10000) in paragraph at lines 73--75

 []


Underfull \hbox (badness 10000) in paragraph at lines 79--82

 []

<Image/Rel01.jpg, id=243, 1284.8pt x 963.6pt>
File: Image/Rel01.jpg Graphic file (type jpg)
 <use Image/Rel01.jpg>
Package pdftex.def Info: Image/Rel01.jpg used on input line 87.
(pdftex.def)             Requested size: 192.71169pt x 144.53375pt.
 [5 <./Image/Rel01.jpg>]
Underfull \hbox (badness 10000) in paragraph at lines 118--121

 []

<Image/Rel02.jpg, id=248, 1284.8pt x 963.6pt>
File: Image/Rel02.jpg Graphic file (type jpg)
 <use Image/Rel02.jpg>
Package pdftex.def Info: Image/Rel02.jpg used on input line 132.
(pdftex.def)             Requested size: 192.71169pt x 144.53375pt.

<Image/Rel03.jpg, id=249, 1284.8pt x 963.6pt>
File: Image/Rel03.jpg Graphic file (type jpg)
 <use Image/Rel03.jpg>
Package pdftex.def Info: Image/Rel03.jpg used on input line 134.
(pdftex.def)             Requested size: 192.71169pt x 144.53375pt.

Underfull \hbox (badness 10000) in paragraph at lines 130--136

 []


Underfull \hbox (badness 10000) in paragraph at lines 130--136

 []


Underfull \hbox (badness 10000) in paragraph at lines 149--150

 []

[6 <./Image/Rel02.jpg> <./Image/Rel03.jpg>]
<Image/Rel04.jpg, id=255, 1284.8pt x 963.6pt>
File: Image/Rel04.jpg Graphic file (type jpg)
 <use Image/Rel04.jpg>
Package pdftex.def Info: Image/Rel04.jpg used on input line 159.
(pdftex.def)             Requested size: 192.71169pt x 144.53375pt.

<Image/Rel05.jpg, id=256, 1284.8pt x 963.6pt>
File: Image/Rel05.jpg Graphic file (type jpg)
 <use Image/Rel05.jpg>
Package pdftex.def Info: Image/Rel05.jpg used on input line 161.
(pdftex.def)             Requested size: 192.71169pt x 144.53375pt.

Underfull \hbox (badness 10000) in paragraph at lines 154--163

 []


Underfull \hbox (badness 10000) in paragraph at lines 154--163

 []

[7 <./Image/Rel04.jpg> <./Image/Rel05.jpg>]
Underfull \hbox (badness 10000) in paragraph at lines 188--190

 []


Underfull \hbox (badness 10000) in paragraph at lines 194--196

 []

<Image/Rel06.jpg, id=262, 1284.8pt x 963.6pt>
File: Image/Rel06.jpg Graphic file (type jpg)
 <use Image/Rel06.jpg>
Package pdftex.def Info: Image/Rel06.jpg used on input line 199.
(pdftex.def)             Requested size: 192.71169pt x 144.53375pt.

Underfull \hbox (badness 10000) in paragraph at lines 198--201

 []

[8 <./Image/Rel06.jpg>]
Underfull \hbox (badness 10000) in paragraph at lines 224--227

 []

[9] <Image/Rel07.jpg, id=272, 1284.8pt x 963.6pt>
File: Image/Rel07.jpg Graphic file (type jpg)
 <use Image/Rel07.jpg>
Package pdftex.def Info: Image/Rel07.jpg used on input line 289.
(pdftex.def)             Requested size: 128.48752pt x 96.36565pt.

Underfull \hbox (badness 10000) in paragraph at lines 285--291

 []

<Image/Rel08.jpg, id=273, 1284.8pt x 963.6pt>
File: Image/Rel08.jpg Graphic file (type jpg)
 <use Image/Rel08.jpg>
Package pdftex.def Info: Image/Rel08.jpg used on input line 294.
(pdftex.def)             Requested size: 128.48752pt x 96.36565pt.

Underfull \hbox (badness 10000) in paragraph at lines 292--295

 []

[10 <./Image/Rel07.jpg> <./Image/Rel08.jpg>]
<Image/Rel09.jpg, id=278, 1284.8pt x 963.6pt>
File: Image/Rel09.jpg Graphic file (type jpg)
 <use Image/Rel09.jpg>
Package pdftex.def Info: Image/Rel09.jpg used on input line 304.
(pdftex.def)             Requested size: 128.48752pt x 96.36565pt.

Underfull \hbox (badness 10000) in paragraph at lines 302--305

 []

<Image/Rel10.jpg, id=279, 1284.8pt x 963.6pt>
File: Image/Rel10.jpg Graphic file (type jpg)
 <use Image/Rel10.jpg>
Package pdftex.def Info: Image/Rel10.jpg used on input line 315.
(pdftex.def)             Requested size: 128.48752pt x 96.36565pt.

Underfull \hbox (badness 10000) in paragraph at lines 314--316

 []

<Image/Rel11.jpg, id=280, 1284.8pt x 963.6pt>
File: Image/Rel11.jpg Graphic file (type jpg)
 <use Image/Rel11.jpg>
Package pdftex.def Info: Image/Rel11.jpg used on input line 327.
(pdftex.def)             Requested size: 128.48752pt x 96.36565pt.

Underfull \hbox (badness 10000) in paragraph at lines 325--329

 []

[11 <./Image/Rel09.jpg> <./Image/Rel10.jpg>] [12 <./Image/Rel11.jpg>]
Underfull \hbox (badness 10000) in paragraph at lines 420--422

 []

[13]
Underfull \hbox (badness 10000) in paragraph at lines 436--438

 []


Underfull \hbox (badness 10000) in paragraph at lines 445--447

 []

<Image/Rel12.jpg, id=294, 803.0pt x 602.25pt>
File: Image/Rel12.jpg Graphic file (type jpg)
 <use Image/Rel12.jpg>
Package pdftex.def Info: Image/Rel12.jpg used on input line 487.
(pdftex.def)             Requested size: 200.74951pt x 150.56212pt.
 [14]
<Image/Rel13.jpg, id=299, 803.0pt x 602.25pt>
File: Image/Rel13.jpg Graphic file (type jpg)
 <use Image/Rel13.jpg>
Package pdftex.def Info: Image/Rel13.jpg used on input line 532.
(pdftex.def)             Requested size: 160.59715pt x 120.44786pt.
 [15 <./Image/Rel12.jpg>]
Underfull \hbox (badness 10000) in paragraph at lines 571--572

 []

[16 <./Image/Rel13.jpg>] <Image/Rel14.jpg, id=308, 803.0pt x 602.25pt>
File: Image/Rel14.jpg Graphic file (type jpg)

<use Image/Rel14.jpg>
Package pdftex.def Info: Image/Rel14.jpg used on input line 586.
(pdftex.def)             Requested size: 160.59715pt x 120.44786pt.

Underfull \hbox (badness 10000) in paragraph at lines 586--587

 []

<Image/Rel16.jpg, id=309, 803.0pt x 602.25pt>
File: Image/Rel16.jpg Graphic file (type jpg)
 <use Image/Rel16.jpg>
Package pdftex.def Info: Image/Rel16.jpg used on input line 604.
(pdftex.def)             Requested size: 160.59715pt x 120.44786pt.
 [17 <./Image/Rel14.jpg> <./Image/Rel16.jpg>] [18]
Underfull \hbox (badness 10000) in paragraph at lines 674--679

 []

<Image/Rel17.jpg, id=318, 819.06pt x 614.295pt>
File: Image/Rel17.jpg Graphic file (type jpg)
 <use Image/Rel17.jpg>
Package pdftex.def Info: Image/Rel17.jpg used on input line 706.
(pdftex.def)             Requested size: 204.7645pt x 153.57336pt.
 [19]
<Image/Rel18.jpg, id=326, 819.06pt x 516.93124pt>
File: Image/Rel18.jpg Graphic file (type jpg)
 <use Image/Rel18.jpg>
Package pdftex.def Info: Image/Rel18.jpg used on input line 772.
(pdftex.def)             Requested size: 163.8091pt x 103.38441pt.

[20 <./Image/Rel17.jpg>]
Underfull \hbox (badness 10000) in paragraph at lines 819--821

 []

[21 <./Image/Rel18.jpg>]
Underfull \hbox (badness 10000) in paragraph at lines 837--839

 []

[22] [23] [24] [25] [26]
Underfull \hbox (badness 10000) in paragraph at lines 1097--1099

 []


Underfull \hbox (badness 10000) in paragraph at lines 1100--1103

 []

[27]
Underfull \hbox (badness 10000) in paragraph at lines 1162--1164

 []

[28]
Underfull \hbox (badness 10000) in paragraph at lines 1253--1255

 []

[29]
Underfull \hbox (badness 10000) in paragraph at lines 1358--1359

 []

[30] [31] [32] [33] [34]
Package atveryend Info: Empty hook `BeforeClearDocument' on input line 1690.
 [35]
Package atveryend Info: Empty hook `AfterLastShipout' on input line 1690.
 (Relativity.aux)
Package atveryend Info: Executing hook `AtVeryEndDocument' on input line 1690.
Package atveryend Info: Executing hook `AtEndAfterFileList' on input line 1690.

Package rerunfilecheck Info: File `Relativity.out' has not changed.
(rerunfilecheck)             Checksum: 1A65702BBC05EBFE5EB1B5ECFCE9237D;2703.
Package atveryend Info: Empty hook `AtVeryVeryEnd' on input line 1690.
 ) 
Here is how much of TeX's memory you used:
 8287 strings out of 493673
 122563 string characters out of 3149624
 248080 words of memory out of 3000000
 11352 multiletter control sequences out of 15000+200000
 15990 words of font info for 98 fonts, out of 3000000 for 9000
 1025 hyphenation exceptions out of 8191
 36i,14n,35p,298b,450s stack positions out of 5000i,500n,10000p,200000b,50000s
<D:/MiKTeX 2.9/fonts/type1/public/amsfonts/cm/cmbx10.pfb><D:/MiKTeX 2.9/fonts
/type1/public/amsfonts/cm/cmbx12.pfb><D:/MiKTeX 2.9/fonts/type1/public/amsfonts
/cm/cmbx5.pfb><D:/MiKTeX 2.9/fonts/type1/public/amsfonts/cm/cmbx7.pfb><D:/MiKTe
X 2.9/fonts/type1/public/amsfonts/cm/cmex10.pfb><D:/MiKTeX 2.9/fonts/type1/publ
ic/amsfonts/cm/cmmi10.pfb><D:/MiKTeX 2.9/fonts/type1/public/amsfonts/cm/cmmi7.p
fb><D:/MiKTeX 2.9/fonts/type1/public/amsfonts/cm/cmr10.pfb><D:/MiKTeX 2.9/fonts
/type1/public/amsfonts/cm/cmr12.pfb><D:/MiKTeX 2.9/fonts/type1/public/amsfonts/
cm/cmr17.pfb><D:/MiKTeX 2.9/fonts/type1/public/amsfonts/cm/cmr5.pfb><D:/MiKTeX 
2.9/fonts/type1/public/amsfonts/cm/cmr7.pfb><D:/MiKTeX 2.9/fonts/type1/public/a
msfonts/cm/cmsl10.pfb><D:/MiKTeX 2.9/fonts/type1/public/amsfonts/cm/cmsy10.pfb>
<D:/MiKTeX 2.9/fonts/type1/public/amsfonts/cm/cmsy5.pfb><D:/MiKTeX 2.9/fonts/ty
pe1/public/amsfonts/cm/cmsy7.pfb><D:/MiKTeX 2.9/fonts/type1/public/amsfonts/cm/
cmti10.pfb><D:/MiKTeX 2.9/fonts/type1/public/amsfonts/symbols/msbm10.pfb>
Output written on Relativity.pdf (35 pages, 1527934 bytes).
PDF statistics:
 476 PDF objects out of 1000 (max. 8388607)
 74 named destinations out of 1000 (max. 500000)
 15726 words of extra memory for PDF output out of 17280 (max. 10000000)

