\BOOKMARK [1][-]{section.1}{System of masses}{}% 1
\BOOKMARK [2][-]{subsection.1.1}{System of masses}{section.1}% 2
\BOOKMARK [3][-]{subsubsection.1.1.1}{Motion relative to the centre of mass}{subsection.1.1}% 3
\BOOKMARK [3][-]{subsubsection.1.1.2}{The two-body problem}{subsection.1.1}% 4
\BOOKMARK [3][-]{subsubsection.1.1.3}{Variable-mass problems}{subsection.1.1}% 5
\BOOKMARK [2][-]{subsection.1.2}{Rigid bodies}{section.1}% 6
\BOOKMARK [3][-]{subsubsection.1.2.1}{Angular velocity}{subsection.1.2}% 7
\BOOKMARK [3][-]{subsubsection.1.2.2}{Moment of inertia}{subsection.1.2}% 8
\BOOKMARK [3][-]{subsubsection.1.2.3}{Calculating the moment of inertia}{subsection.1.2}% 9
\BOOKMARK [3][-]{subsubsection.1.2.4}{Motion of a rigid body}{subsection.1.2}% 10
\BOOKMARK [3][-]{subsubsection.1.2.5}{Sliding versus rolling}{subsection.1.2}% 11
\BOOKMARK [1][-]{section.2}{Special relativity}{}% 12
\BOOKMARK [2][-]{subsection.2.1}{The Lorentz transformation}{section.2}% 13
\BOOKMARK [3][-]{subsubsection.2.1.1}{The Lorentz transformation}{subsection.2.1}% 14
\BOOKMARK [3][-]{subsubsection.2.1.2}{Checking the speed of light}{subsection.2.1}% 15
\BOOKMARK [3][-]{subsubsection.2.1.3}{Space-time diagrams}{subsection.2.1}% 16
\BOOKMARK [2][-]{subsection.2.2}{Relativity physics}{section.2}% 17
\BOOKMARK [3][-]{subsubsection.2.2.1}{Simultaneity}{subsection.2.2}% 18
\BOOKMARK [3][-]{subsubsection.2.2.2}{Causality}{subsection.2.2}% 19
\BOOKMARK [3][-]{subsubsection.2.2.3}{Time dilation}{subsection.2.2}% 20
\BOOKMARK [3][-]{subsubsection.2.2.4}{The twin paradox}{subsection.2.2}% 21
\BOOKMARK [3][-]{subsubsection.2.2.5}{Length contraction}{subsection.2.2}% 22
\BOOKMARK [3][-]{subsubsection.2.2.6}{Composition of velocities}{subsection.2.2}% 23
\BOOKMARK [2][-]{subsection.2.3}{Geometry of spacetime}{section.2}% 24
\BOOKMARK [3][-]{subsubsection.2.3.1}{The invariant interval}{subsection.2.3}% 25
\BOOKMARK [3][-]{subsubsection.2.3.2}{The Lorentz group}{subsection.2.3}% 26
\BOOKMARK [3][-]{subsubsection.2.3.3}{Rapidity}{subsection.2.3}% 27
\BOOKMARK [2][-]{subsection.2.4}{Relativistic kinematics}{section.2}% 28
\BOOKMARK [3][-]{subsubsection.2.4.1}{Proper time}{subsection.2.4}% 29
\BOOKMARK [3][-]{subsubsection.2.4.2}{4-velocity}{subsection.2.4}% 30
\BOOKMARK [3][-]{subsubsection.2.4.3}{Transformation of velocities revisited}{subsection.2.4}% 31
\BOOKMARK [3][-]{subsubsection.2.4.4}{4-momentum}{subsection.2.4}% 32
\BOOKMARK [3][-]{subsubsection.2.4.5}{Massless particles}{subsection.2.4}% 33
\BOOKMARK [3][-]{subsubsection.2.4.6}{Newton's second law in special relativity}{subsection.2.4}% 34
\BOOKMARK [2][-]{subsection.2.5}{Particle physics}{section.2}% 35
