\BOOKMARK [1][-]{section.1}{Introduction}{}% 1
\BOOKMARK [1][-]{section.2}{Groups}{}% 2
\BOOKMARK [1][-]{section.3}{Vector Calculus}{}% 3
\BOOKMARK [2][-]{subsection.3.1}{Problem 1}{section.3}% 4
\BOOKMARK [2][-]{subsection.3.2}{Problem 2}{section.3}% 5
\BOOKMARK [2][-]{subsection.3.3}{Problem 3}{section.3}% 6
\BOOKMARK [2][-]{subsection.3.4}{Problem 4}{section.3}% 7
\BOOKMARK [2][-]{subsection.3.5}{Problem 5}{section.3}% 8
\BOOKMARK [2][-]{subsection.3.6}{Problem 6}{section.3}% 9
\BOOKMARK [2][-]{subsection.3.7}{Problem 7}{section.3}% 10
\BOOKMARK [2][-]{subsection.3.8}{Problem 8}{section.3}% 11
\BOOKMARK [2][-]{subsection.3.9}{Problem 9}{section.3}% 12
\BOOKMARK [2][-]{subsection.3.10}{Problem 10}{section.3}% 13
\BOOKMARK [2][-]{subsection.3.11}{Problem 11}{section.3}% 14
\BOOKMARK [2][-]{subsection.3.12}{Problem 12}{section.3}% 15
\BOOKMARK [2][-]{subsection.3.13}{Problem 13}{section.3}% 16
\BOOKMARK [2][-]{subsection.3.14}{Problem 14}{section.3}% 17
\BOOKMARK [2][-]{subsection.3.15}{Problem 15}{section.3}% 18
\BOOKMARK [2][-]{subsection.3.16}{Problem 16}{section.3}% 19
\BOOKMARK [1][-]{section.4}{Differential Equation}{}% 20
\BOOKMARK [1][-]{section.5}{Probability}{}% 21
\BOOKMARK [1][-]{section.6}{Vectors and Matrices}{}% 22
\BOOKMARK [1][-]{section.7}{Analysis}{}% 23
\BOOKMARK [1][-]{section.8}{Numbers and Sets}{}% 24
\BOOKMARK [1][-]{section.9}{Dynamics and Relativity}{}% 25
\BOOKMARK [2][-]{subsection.9.1}{Problem 1}{section.9}% 26
\BOOKMARK [2][-]{subsection.9.2}{Problem 2}{section.9}% 27
\BOOKMARK [2][-]{subsection.9.3}{Problem 3}{section.9}% 28
\BOOKMARK [2][-]{subsection.9.4}{Problem 4}{section.9}% 29
