\BOOKMARK [1][-]{section.0}{Introduction}{}% 1
\BOOKMARK [1][-]{section.1}{Model theory of set theory}{}% 2
\BOOKMARK [2][-]{subsection.1.1}{Absoluteness}{section.1}% 3
\BOOKMARK [2][-]{subsection.1.2}{Long List of 0T formulas}{section.1}% 4
\BOOKMARK [2][-]{subsection.1.3}{Absoluteness of well-foundedness}{section.1}% 5
\BOOKMARK [2][-]{subsection.1.4}{Concrete transitive models of ZFC}{section.1}% 6
\BOOKMARK [2][-]{subsection.1.5}{Inaccessible cardinals}{section.1}% 7
\BOOKMARK [2][-]{subsection.1.6}{The second construction: Models of hereditarily small sets}{section.1}% 8
\BOOKMARK [2][-]{subsection.1.7}{The constructible universe}{section.1}% 9
\BOOKMARK [1][-]{section.2}{Construction of the generic model}{}% 10
\BOOKMARK [2][-]{subsection.2.1}{Limitation of methods of inner models}{section.2}% 11
\BOOKMARK [2][-]{subsection.2.2}{Basic terminologies of forcing}{section.2}% 12
\BOOKMARK [2][-]{subsection.2.3}{Forcing language}{section.2}% 13
\BOOKMARK [2][-]{subsection.2.4}{Forcing Relation}{section.2}% 14
\BOOKMARK [1][-]{section.3}{Example Class 1}{}% 15
\BOOKMARK [2][-]{subsection.3.1}{Question 1}{section.3}% 16
\BOOKMARK [2][-]{subsection.3.2}{Question 2}{section.3}% 17
\BOOKMARK [2][-]{subsection.3.3}{Question 3}{section.3}% 18
\BOOKMARK [2][-]{subsection.3.4}{Question 6}{section.3}% 19
\BOOKMARK [2][-]{subsection.3.5}{Question 8}{section.3}% 20
\BOOKMARK [2][-]{subsection.3.6}{Question 9}{section.3}% 21
\BOOKMARK [2][-]{subsection.3.7}{Question 10}{section.3}% 22
\BOOKMARK [2][-]{subsection.3.8}{Question 11}{section.3}% 23
\BOOKMARK [2][-]{subsection.3.9}{Question 12}{section.3}% 24
\BOOKMARK [1][-]{section.4}{Example Class 2}{}% 25
\BOOKMARK [2][-]{subsection.4.1}{Question 15}{section.4}% 26
\BOOKMARK [2][-]{subsection.4.2}{Question 20}{section.4}% 27
\BOOKMARK [2][-]{subsection.4.3}{Question 22}{section.4}% 28
