\BOOKMARK [1][-]{section.1}{Differential operators}{}% 1
\BOOKMARK [2][-]{subsection.1.1}{grad, div, curl}{section.1}% 2
\BOOKMARK [2][-]{subsection.1.2}{Second order derivatives}{section.1}% 3
\BOOKMARK [1][-]{section.2}{Integral Theorems}{}% 4
\BOOKMARK [2][-]{subsection.2.1}{Green's Theorem}{section.2}% 5
\BOOKMARK [2][-]{subsection.2.2}{Stoke's Theorem}{section.2}% 6
\BOOKMARK [2][-]{subsection.2.3}{Gauss' Theorem}{section.2}% 7
\BOOKMARK [2][-]{subsection.2.4}{Proof of theorems}{section.2}% 8
\BOOKMARK [1][-]{section.3}{Geometrical characterisation of div and curl}{}% 9
\BOOKMARK [1][-]{section.4}{Conservation laws}{}% 10
\BOOKMARK [1][-]{section.5}{Orthogonal curvilinear coordinates}{}% 11
\BOOKMARK [2][-]{subsection.5.1}{Line element, surface element, volume element}{section.5}% 12
\BOOKMARK [2][-]{subsection.5.2}{Grad, div and curl in curvilinear coordinates}{section.5}% 13
\BOOKMARK [1][-]{section.6}{Laplace equation and Poisson equation}{}% 14
\BOOKMARK [2][-]{subsection.6.1}{Gauss' Law and Poisson equation}{section.6}% 15
\BOOKMARK [2][-]{subsection.6.2}{Laplace equation and harmonic functions}{section.6}% 16
\BOOKMARK [2][-]{subsection.6.3}{Integral solution of Poisson equation}{section.6}% 17
\BOOKMARK [2][-]{subsection.6.4}{Point sources and delta functions \(non-examinable\)}{section.6}% 18
\BOOKMARK [1][-]{section.7}{Maxwell's equations}{}% 19
\BOOKMARK [2][-]{subsection.7.1}{Conservation of electric charge from Maxwell equation}{section.7}% 20
\BOOKMARK [2][-]{subsection.7.2}{Electromagnetic waves}{section.7}% 21
\BOOKMARK [1][-]{section.8}{Tensors}{}% 22
\BOOKMARK [2][-]{subsection.8.1}{Introduction}{section.8}% 23
\BOOKMARK [2][-]{subsection.8.2}{Rank 2 tensors, linear map, matrices}{section.8}% 24
\BOOKMARK [2][-]{subsection.8.3}{Tensor algebra}{section.8}% 25
\BOOKMARK [3][-]{subsubsection.8.3.1}{Addition and scalar multiplication}{subsection.8.3}% 26
\BOOKMARK [3][-]{subsubsection.8.3.2}{Tensor products}{subsection.8.3}% 27
\BOOKMARK [3][-]{subsubsection.8.3.3}{Contractions}{subsection.8.3}% 28
\BOOKMARK [2][-]{subsection.8.4}{Symmetric and antisymmetric tensors}{section.8}% 29
\BOOKMARK [2][-]{subsection.8.5}{Tensors as multi-linear maps, quotient rule}{section.8}% 30
\BOOKMARK [2][-]{subsection.8.6}{Quotient rule}{section.8}% 31
\BOOKMARK [2][-]{subsection.8.7}{Tensor calculus}{section.8}% 32
\BOOKMARK [2][-]{subsection.8.8}{Tensors of rank 2}{section.8}% 33
\BOOKMARK [2][-]{subsection.8.9}{The inertia tensor}{section.8}% 34
